2023-03-28 10:43:19.292 o.a.s.v.ConfigValidation main [INFO] Will use [class org.apache.storm.DaemonConfig, class org.apache.storm.Config] for validation
2023-03-28 10:43:19.432 o.e.j.u.log main [INFO] Logging initialized @1281ms to org.eclipse.jetty.util.log.Slf4jLog
2023-03-28 10:43:19.572 o.a.s.d.m.MetricsUtils main [INFO] Using statistics reporter plugin:org.apache.storm.daemon.metrics.reporters.JmxPreparableReporter
2023-03-28 10:43:19.574 o.a.s.d.m.r.JmxPreparableReporter main [INFO] Preparing...
2023-03-28 10:43:19.584 o.a.s.m.StormMetricsRegistry main [INFO] Started statistics report plugin...
2023-03-28 10:43:19.588 o.e.j.s.Server main [INFO] jetty-9.4.14.v20181114; built: 2018-11-14T21:20:31.478Z; git: c4550056e785fb5665914545889f21dc136ad9e6; jvm 11.0.18+10-post-Ubuntu-0ubuntu122.04
2023-03-28 10:43:19.640 o.e.j.s.session main [INFO] DefaultSessionIdManager workerName=node0
2023-03-28 10:43:19.640 o.e.j.s.session main [INFO] No SessionScavenger set, using defaults
2023-03-28 10:43:19.641 o.e.j.s.session main [INFO] node0 Scavenging every 600000ms
2023-03-28 10:43:20.390 o.e.j.s.h.ContextHandler main [INFO] Started o.e.j.s.ServletContextHandler@2da3b078{/,null,AVAILABLE}
2023-03-28 10:43:20.409 o.e.j.s.AbstractConnector main [INFO] Started ServerConnector@7e0bc8a3{HTTP/1.1,[http/1.1]}{0.0.0.0:8080}
2023-03-28 10:43:20.409 o.e.j.s.Server main [INFO] Started @2260ms
2023-03-28 10:43:43.379 o.a.s.u.NimbusClient qtp1210939243-21 [WARN] Ignoring exception while trying to get leader nimbus info from localhost. will retry with a different seed host.
java.lang.RuntimeException: java.lang.RuntimeException: org.apache.storm.thrift.transport.TTransportException: java.net.ConnectException: Connection refused (Connection refused)
	at org.apache.storm.security.auth.ThriftClient.reconnect(ThriftClient.java:108) ~[storm-client-2.4.0.jar:2.4.0]
	at org.apache.storm.security.auth.ThriftClient.<init>(ThriftClient.java:69) ~[storm-client-2.4.0.jar:2.4.0]
	at org.apache.storm.utils.NimbusClient.<init>(NimbusClient.java:80) ~[storm-client-2.4.0.jar:2.4.0]
	at org.apache.storm.utils.NimbusClient.getConfiguredClientAs(NimbusClient.java:221) ~[storm-client-2.4.0.jar:2.4.0]
	at org.apache.storm.utils.NimbusClient.getConfiguredClientAs(NimbusClient.java:179) ~[storm-client-2.4.0.jar:2.4.0]
	at org.apache.storm.utils.NimbusClient.getConfiguredClient(NimbusClient.java:138) ~[storm-client-2.4.0.jar:2.4.0]
	at org.apache.storm.daemon.ui.resources.StormApiResource.getClusterConfiguration(StormApiResource.java:116) ~[storm-webapp-2.4.0.jar:2.4.0]
	at jdk.internal.reflect.NativeMethodAccessorImpl.invoke0(Native Method) ~[?:?]
	at jdk.internal.reflect.NativeMethodAccessorImpl.invoke(NativeMethodAccessorImpl.java:62) ~[?:?]
	at jdk.internal.reflect.DelegatingMethodAccessorImpl.invoke(DelegatingMethodAccessorImpl.java:43) ~[?:?]
	at java.lang.reflect.Method.invoke(Method.java:566) ~[?:?]
	at org.glassfish.jersey.server.model.internal.ResourceMethodInvocationHandlerFactory.lambda$static$0(ResourceMethodInvocationHandlerFactory.java:52) ~[jersey-server-2.29.jar:?]
	at org.glassfish.jersey.server.model.internal.AbstractJavaResourceMethodDispatcher$1.run(AbstractJavaResourceMethodDispatcher.java:124) [jersey-server-2.29.jar:?]
	at org.glassfish.jersey.server.model.internal.AbstractJavaResourceMethodDispatcher.invoke(AbstractJavaResourceMethodDispatcher.java:167) [jersey-server-2.29.jar:?]
	at org.glassfish.jersey.server.model.internal.JavaResourceMethodDispatcherProvider$ResponseOutInvoker.doDispatch(JavaResourceMethodDispatcherProvider.java:176) [jersey-server-2.29.jar:?]
	at org.glassfish.jersey.server.model.internal.AbstractJavaResourceMethodDispatcher.dispatch(AbstractJavaResourceMethodDispatcher.java:79) [jersey-server-2.29.jar:?]
	at org.glassfish.jersey.server.model.ResourceMethodInvoker.invoke(ResourceMethodInvoker.java:469) [jersey-server-2.29.jar:?]
	at org.glassfish.jersey.server.model.ResourceMethodInvoker.apply(ResourceMethodInvoker.java:391) [jersey-server-2.29.jar:?]
	at org.glassfish.jersey.server.model.ResourceMethodInvoker.apply(ResourceMethodInvoker.java:80) [jersey-server-2.29.jar:?]
	at org.glassfish.jersey.server.ServerRuntime$1.run(ServerRuntime.java:253) [jersey-server-2.29.jar:?]
	at org.glassfish.jersey.internal.Errors$1.call(Errors.java:248) [jersey-common-2.29.jar:?]
	at org.glassfish.jersey.internal.Errors$1.call(Errors.java:244) [jersey-common-2.29.jar:?]
	at org.glassfish.jersey.internal.Errors.process(Errors.java:292) [jersey-common-2.29.jar:?]
	at org.glassfish.jersey.internal.Errors.process(Errors.java:274) [jersey-common-2.29.jar:?]
	at org.glassfish.jersey.internal.Errors.process(Errors.java:244) [jersey-common-2.29.jar:?]
	at org.glassfish.jersey.process.internal.RequestScope.runInScope(RequestScope.java:265) [jersey-common-2.29.jar:?]
	at org.glassfish.jersey.server.ServerRuntime.process(ServerRuntime.java:232) [jersey-server-2.29.jar:?]
	at org.glassfish.jersey.server.ApplicationHandler.handle(ApplicationHandler.java:680) [jersey-server-2.29.jar:?]
	at org.glassfish.jersey.servlet.WebComponent.serviceImpl(WebComponent.java:392) [jersey-container-servlet-core-2.29.jar:?]
	at org.glassfish.jersey.servlet.WebComponent.service(WebComponent.java:346) [jersey-container-servlet-core-2.29.jar:?]
	at org.glassfish.jersey.servlet.ServletContainer.service(ServletContainer.java:365) [jersey-container-servlet-core-2.29.jar:?]
	at org.glassfish.jersey.servlet.ServletContainer.service(ServletContainer.java:318) [jersey-container-servlet-core-2.29.jar:?]
	at org.glassfish.jersey.servlet.ServletContainer.service(ServletContainer.java:205) [jersey-container-servlet-core-2.29.jar:?]
	at org.eclipse.jetty.servlet.ServletHolder.handle(ServletHolder.java:867) [jetty-servlet-9.4.14.v20181114.jar:9.4.14.v20181114]
	at org.eclipse.jetty.servlet.ServletHandler$CachedChain.doFilter(ServletHandler.java:1623) [jetty-servlet-9.4.14.v20181114.jar:9.4.14.v20181114]
	at org.apache.storm.daemon.ui.filters.HeaderResponseServletFilter.doFilter(HeaderResponseServletFilter.java:62) [storm-webapp-2.4.0.jar:2.4.0]
	at org.eclipse.jetty.servlet.ServletHandler$CachedChain.doFilter(ServletHandler.java:1610) [jetty-servlet-9.4.14.v20181114.jar:9.4.14.v20181114]
	at org.apache.storm.daemon.drpc.webapp.ReqContextFilter.handle(ReqContextFilter.java:83) [storm-webapp-2.4.0.jar:2.4.0]
	at org.apache.storm.daemon.drpc.webapp.ReqContextFilter.doFilter(ReqContextFilter.java:70) [storm-webapp-2.4.0.jar:2.4.0]
	at org.eclipse.jetty.servlet.ServletHandler$CachedChain.doFilter(ServletHandler.java:1610) [jetty-servlet-9.4.14.v20181114.jar:9.4.14.v20181114]
	at org.apache.storm.logging.filters.AccessLoggingFilter.handle(AccessLoggingFilter.java:46) [storm-server-2.4.0.jar:2.4.0]
	at org.apache.storm.logging.filters.AccessLoggingFilter.doFilter(AccessLoggingFilter.java:38) [storm-server-2.4.0.jar:2.4.0]
	at org.eclipse.jetty.servlet.ServletHandler$CachedChain.doFilter(ServletHandler.java:1610) [jetty-servlet-9.4.14.v20181114.jar:9.4.14.v20181114]
	at org.eclipse.jetty.servlets.CrossOriginFilter.handle(CrossOriginFilter.java:311) [jetty-servlets-9.4.14.v20181114.jar:9.4.14.v20181114]
	at org.eclipse.jetty.servlets.CrossOriginFilter.doFilter(CrossOriginFilter.java:265) [jetty-servlets-9.4.14.v20181114.jar:9.4.14.v20181114]
	at org.eclipse.jetty.servlet.ServletHandler$CachedChain.doFilter(ServletHandler.java:1610) [jetty-servlet-9.4.14.v20181114.jar:9.4.14.v20181114]
	at org.eclipse.jetty.servlet.ServletHandler.doHandle(ServletHandler.java:540) [jetty-servlet-9.4.14.v20181114.jar:9.4.14.v20181114]
	at org.eclipse.jetty.server.handler.ScopedHandler.nextHandle(ScopedHandler.java:255) [jetty-server-9.4.14.v20181114.jar:9.4.14.v20181114]
	at org.eclipse.jetty.server.session.SessionHandler.doHandle(SessionHandler.java:1588) [jetty-server-9.4.14.v20181114.jar:9.4.14.v20181114]
	at org.eclipse.jetty.server.handler.ScopedHandler.nextHandle(ScopedHandler.java:255) [jetty-server-9.4.14.v20181114.jar:9.4.14.v20181114]
	at org.eclipse.jetty.server.handler.ContextHandler.doHandle(ContextHandler.java:1345) [jetty-server-9.4.14.v20181114.jar:9.4.14.v20181114]
	at org.eclipse.jetty.server.handler.ScopedHandler.nextScope(ScopedHandler.java:203) [jetty-server-9.4.14.v20181114.jar:9.4.14.v20181114]
	at org.eclipse.jetty.servlet.ServletHandler.doScope(ServletHandler.java:480) [jetty-servlet-9.4.14.v20181114.jar:9.4.14.v20181114]
	at org.eclipse.jetty.server.session.SessionHandler.doScope(SessionHandler.java:1557) [jetty-server-9.4.14.v20181114.jar:9.4.14.v20181114]
	at org.eclipse.jetty.server.handler.ScopedHandler.nextScope(ScopedHandler.java:201) [jetty-server-9.4.14.v20181114.jar:9.4.14.v20181114]
	at org.eclipse.jetty.server.handler.ContextHandler.doScope(ContextHandler.java:1247) [jetty-server-9.4.14.v20181114.jar:9.4.14.v20181114]
	at org.eclipse.jetty.server.handler.ScopedHandler.handle(ScopedHandler.java:144) [jetty-server-9.4.14.v20181114.jar:9.4.14.v20181114]
	at org.eclipse.jetty.server.handler.HandlerWrapper.handle(HandlerWrapper.java:132) [jetty-server-9.4.14.v20181114.jar:9.4.14.v20181114]
	at org.eclipse.jetty.server.Server.handle(Server.java:502) [jetty-server-9.4.14.v20181114.jar:9.4.14.v20181114]
	at org.eclipse.jetty.server.HttpChannel.handle(HttpChannel.java:364) [jetty-server-9.4.14.v20181114.jar:9.4.14.v20181114]
	at org.eclipse.jetty.server.HttpConnection.onFillable(HttpConnection.java:260) [jetty-server-9.4.14.v20181114.jar:9.4.14.v20181114]
	at org.eclipse.jetty.io.AbstractConnection$ReadCallback.succeeded(AbstractConnection.java:305) [jetty-io-9.4.14.v20181114.jar:9.4.14.v20181114]
	at org.eclipse.jetty.io.FillInterest.fillable(FillInterest.java:103) [jetty-io-9.4.14.v20181114.jar:9.4.14.v20181114]
	at org.eclipse.jetty.io.ChannelEndPoint$2.run(ChannelEndPoint.java:118) [jetty-io-9.4.14.v20181114.jar:9.4.14.v20181114]
	at org.eclipse.jetty.util.thread.strategy.EatWhatYouKill.runTask(EatWhatYouKill.java:333) [jetty-util-9.4.14.v20181114.jar:9.4.14.v20181114]
	at org.eclipse.jetty.util.thread.strategy.EatWhatYouKill.doProduce(EatWhatYouKill.java:310) [jetty-util-9.4.14.v20181114.jar:9.4.14.v20181114]
	at org.eclipse.jetty.util.thread.strategy.EatWhatYouKill.tryProduce(EatWhatYouKill.java:168) [jetty-util-9.4.14.v20181114.jar:9.4.14.v20181114]
	at org.eclipse.jetty.util.thread.strategy.EatWhatYouKill.run(EatWhatYouKill.java:126) [jetty-util-9.4.14.v20181114.jar:9.4.14.v20181114]
	at org.eclipse.jetty.util.thread.ReservedThreadExecutor$ReservedThread.run(ReservedThreadExecutor.java:366) [jetty-util-9.4.14.v20181114.jar:9.4.14.v20181114]
	at org.eclipse.jetty.util.thread.QueuedThreadPool.runJob(QueuedThreadPool.java:765) [jetty-util-9.4.14.v20181114.jar:9.4.14.v20181114]
	at org.eclipse.jetty.util.thread.QueuedThreadPool$2.run(QueuedThreadPool.java:683) [jetty-util-9.4.14.v20181114.jar:9.4.14.v20181114]
	at java.lang.Thread.run(Thread.java:829) [?:?]
Caused by: java.lang.RuntimeException: org.apache.storm.thrift.transport.TTransportException: java.net.ConnectException: Connection refused (Connection refused)
	at org.apache.storm.security.auth.TBackoffConnect.retryNext(TBackoffConnect.java:59) ~[storm-client-2.4.0.jar:2.4.0]
	at org.apache.storm.security.auth.TBackoffConnect.doConnectWithRetry(TBackoffConnect.java:51) ~[storm-client-2.4.0.jar:2.4.0]
	at org.apache.storm.security.auth.ThriftClient.reconnect(ThriftClient.java:98) ~[storm-client-2.4.0.jar:2.4.0]
	... 71 more
Caused by: org.apache.storm.thrift.transport.TTransportException: java.net.ConnectException: Connection refused (Connection refused)
	at org.apache.storm.thrift.transport.TSocket.open(TSocket.java:226) ~[storm-shaded-deps-2.4.0.jar:2.4.0]
	at org.apache.storm.thrift.transport.TFramedTransport.open(TFramedTransport.java:91) ~[storm-shaded-deps-2.4.0.jar:2.4.0]
	at org.apache.storm.security.auth.SimpleTransportPlugin.connect(SimpleTransportPlugin.java:101) ~[storm-client-2.4.0.jar:2.4.0]
	at org.apache.storm.security.auth.TBackoffConnect.doConnectWithRetry(TBackoffConnect.java:48) ~[storm-client-2.4.0.jar:2.4.0]
	at org.apache.storm.security.auth.ThriftClient.reconnect(ThriftClient.java:98) ~[storm-client-2.4.0.jar:2.4.0]
	... 71 more
Caused by: java.net.ConnectException: Connection refused (Connection refused)
	at java.net.PlainSocketImpl.socketConnect(Native Method) ~[?:?]
	at java.net.AbstractPlainSocketImpl.doConnect(AbstractPlainSocketImpl.java:412) ~[?:?]
	at java.net.AbstractPlainSocketImpl.connectToAddress(AbstractPlainSocketImpl.java:255) ~[?:?]
	at java.net.AbstractPlainSocketImpl.connect(AbstractPlainSocketImpl.java:237) ~[?:?]
	at java.net.SocksSocketImpl.connect(SocksSocketImpl.java:392) ~[?:?]
	at java.net.Socket.connect(Socket.java:609) ~[?:?]
	at org.apache.storm.thrift.transport.TSocket.open(TSocket.java:221) ~[storm-shaded-deps-2.4.0.jar:2.4.0]
	at org.apache.storm.thrift.transport.TFramedTransport.open(TFramedTransport.java:91) ~[storm-shaded-deps-2.4.0.jar:2.4.0]
	at org.apache.storm.security.auth.SimpleTransportPlugin.connect(SimpleTransportPlugin.java:101) ~[storm-client-2.4.0.jar:2.4.0]
	at org.apache.storm.security.auth.TBackoffConnect.doConnectWithRetry(TBackoffConnect.java:48) ~[storm-client-2.4.0.jar:2.4.0]
	at org.apache.storm.security.auth.ThriftClient.reconnect(ThriftClient.java:98) ~[storm-client-2.4.0.jar:2.4.0]
	... 71 more
2023-03-28 11:13:17.515 o.a.s.u.Utils ShutdownHook-sleepKill-1s [INFO] Halting after 1 seconds
2023-04-11 09:49:57.093 o.a.s.v.ConfigValidation main [INFO] Will use [class org.apache.storm.DaemonConfig, class org.apache.storm.Config] for validation
2023-04-11 09:49:57.271 o.e.j.u.log main [INFO] Logging initialized @1388ms to org.eclipse.jetty.util.log.Slf4jLog
2023-04-11 09:49:57.485 o.a.s.d.m.MetricsUtils main [INFO] Using statistics reporter plugin:org.apache.storm.daemon.metrics.reporters.JmxPreparableReporter
2023-04-11 09:49:57.486 o.a.s.d.m.r.JmxPreparableReporter main [INFO] Preparing...
2023-04-11 09:49:57.498 o.a.s.m.StormMetricsRegistry main [INFO] Started statistics report plugin...
2023-04-11 09:49:57.503 o.e.j.s.Server main [INFO] jetty-9.4.14.v20181114; built: 2018-11-14T21:20:31.478Z; git: c4550056e785fb5665914545889f21dc136ad9e6; jvm 11.0.18+10-post-Ubuntu-0ubuntu122.04
2023-04-11 09:49:57.557 o.e.j.s.session main [INFO] DefaultSessionIdManager workerName=node0
2023-04-11 09:49:57.557 o.e.j.s.session main [INFO] No SessionScavenger set, using defaults
2023-04-11 09:49:57.559 o.e.j.s.session main [INFO] node0 Scavenging every 600000ms
2023-04-11 09:49:58.411 o.e.j.s.h.ContextHandler main [INFO] Started o.e.j.s.ServletContextHandler@2da3b078{/,null,AVAILABLE}
2023-04-11 09:49:58.421 o.a.s.d.u.UIServer main [ERROR] Exception in UIServer: 
java.io.IOException: Failed to bind to 0.0.0.0/0.0.0.0:8080
	at org.eclipse.jetty.server.ServerConnector.openAcceptChannel(ServerConnector.java:346) ~[jetty-server-9.4.14.v20181114.jar:9.4.14.v20181114]
	at org.eclipse.jetty.server.ServerConnector.open(ServerConnector.java:308) ~[jetty-server-9.4.14.v20181114.jar:9.4.14.v20181114]
	at org.eclipse.jetty.server.AbstractNetworkConnector.doStart(AbstractNetworkConnector.java:80) ~[jetty-server-9.4.14.v20181114.jar:9.4.14.v20181114]
	at org.eclipse.jetty.server.ServerConnector.doStart(ServerConnector.java:236) ~[jetty-server-9.4.14.v20181114.jar:9.4.14.v20181114]
	at org.eclipse.jetty.util.component.AbstractLifeCycle.start(AbstractLifeCycle.java:68) ~[jetty-util-9.4.14.v20181114.jar:9.4.14.v20181114]
	at org.eclipse.jetty.server.Server.doStart(Server.java:394) ~[jetty-server-9.4.14.v20181114.jar:9.4.14.v20181114]
	at org.eclipse.jetty.util.component.AbstractLifeCycle.start(AbstractLifeCycle.java:68) ~[jetty-util-9.4.14.v20181114.jar:9.4.14.v20181114]
	at org.apache.storm.daemon.ui.UIServer.main(UIServer.java:179) [storm-webapp-2.4.0.jar:2.4.0]
Caused by: java.net.BindException: Address already in use
	at sun.nio.ch.Net.bind0(Native Method) ~[?:?]
	at sun.nio.ch.Net.bind(Net.java:459) ~[?:?]
	at sun.nio.ch.Net.bind(Net.java:448) ~[?:?]
	at sun.nio.ch.ServerSocketChannelImpl.bind(ServerSocketChannelImpl.java:227) ~[?:?]
	at sun.nio.ch.ServerSocketAdaptor.bind(ServerSocketAdaptor.java:80) ~[?:?]
	at org.eclipse.jetty.server.ServerConnector.openAcceptChannel(ServerConnector.java:342) ~[jetty-server-9.4.14.v20181114.jar:9.4.14.v20181114]
	... 7 more
2023-04-11 09:52:55.055 o.a.s.u.Utils ShutdownHook-sleepKill-1s [INFO] Halting after 1 seconds
2023-04-11 09:53:29.072 o.a.s.v.ConfigValidation main [INFO] Will use [class org.apache.storm.DaemonConfig, class org.apache.storm.Config] for validation
2023-04-11 09:53:29.212 o.e.j.u.log main [INFO] Logging initialized @1372ms to org.eclipse.jetty.util.log.Slf4jLog
2023-04-11 09:53:29.332 o.a.s.d.m.MetricsUtils main [INFO] Using statistics reporter plugin:org.apache.storm.daemon.metrics.reporters.JmxPreparableReporter
2023-04-11 09:53:29.350 o.a.s.d.m.r.JmxPreparableReporter main [INFO] Preparing...
2023-04-11 09:53:29.360 o.a.s.m.StormMetricsRegistry main [INFO] Started statistics report plugin...
2023-04-11 09:53:29.364 o.e.j.s.Server main [INFO] jetty-9.4.14.v20181114; built: 2018-11-14T21:20:31.478Z; git: c4550056e785fb5665914545889f21dc136ad9e6; jvm 11.0.18+10-post-Ubuntu-0ubuntu122.04
2023-04-11 09:53:29.409 o.e.j.s.session main [INFO] DefaultSessionIdManager workerName=node0
2023-04-11 09:53:29.409 o.e.j.s.session main [INFO] No SessionScavenger set, using defaults
2023-04-11 09:53:29.410 o.e.j.s.session main [INFO] node0 Scavenging every 660000ms
2023-04-11 09:53:30.126 o.e.j.s.h.ContextHandler main [INFO] Started o.e.j.s.ServletContextHandler@2da3b078{/,null,AVAILABLE}
2023-04-11 09:53:30.133 o.a.s.d.u.UIServer main [ERROR] Exception in UIServer: 
java.io.IOException: Failed to bind to 0.0.0.0/0.0.0.0:8080
	at org.eclipse.jetty.server.ServerConnector.openAcceptChannel(ServerConnector.java:346) ~[jetty-server-9.4.14.v20181114.jar:9.4.14.v20181114]
	at org.eclipse.jetty.server.ServerConnector.open(ServerConnector.java:308) ~[jetty-server-9.4.14.v20181114.jar:9.4.14.v20181114]
	at org.eclipse.jetty.server.AbstractNetworkConnector.doStart(AbstractNetworkConnector.java:80) ~[jetty-server-9.4.14.v20181114.jar:9.4.14.v20181114]
	at org.eclipse.jetty.server.ServerConnector.doStart(ServerConnector.java:236) ~[jetty-server-9.4.14.v20181114.jar:9.4.14.v20181114]
	at org.eclipse.jetty.util.component.AbstractLifeCycle.start(AbstractLifeCycle.java:68) ~[jetty-util-9.4.14.v20181114.jar:9.4.14.v20181114]
	at org.eclipse.jetty.server.Server.doStart(Server.java:394) ~[jetty-server-9.4.14.v20181114.jar:9.4.14.v20181114]
	at org.eclipse.jetty.util.component.AbstractLifeCycle.start(AbstractLifeCycle.java:68) ~[jetty-util-9.4.14.v20181114.jar:9.4.14.v20181114]
	at org.apache.storm.daemon.ui.UIServer.main(UIServer.java:179) [storm-webapp-2.4.0.jar:2.4.0]
Caused by: java.net.BindException: Address already in use
	at sun.nio.ch.Net.bind0(Native Method) ~[?:?]
	at sun.nio.ch.Net.bind(Net.java:459) ~[?:?]
	at sun.nio.ch.Net.bind(Net.java:448) ~[?:?]
	at sun.nio.ch.ServerSocketChannelImpl.bind(ServerSocketChannelImpl.java:227) ~[?:?]
	at sun.nio.ch.ServerSocketAdaptor.bind(ServerSocketAdaptor.java:80) ~[?:?]
	at org.eclipse.jetty.server.ServerConnector.openAcceptChannel(ServerConnector.java:342) ~[jetty-server-9.4.14.v20181114.jar:9.4.14.v20181114]
	... 7 more
2023-04-11 09:57:16.489 o.a.s.u.Utils ShutdownHook-sleepKill-1s [INFO] Halting after 1 seconds
2023-04-11 09:58:13.777 o.a.s.v.ConfigValidation main [INFO] Will use [class org.apache.storm.DaemonConfig, class org.apache.storm.Config] for validation
2023-04-11 09:58:13.922 o.e.j.u.log main [INFO] Logging initialized @1345ms to org.eclipse.jetty.util.log.Slf4jLog
2023-04-11 09:58:14.038 o.a.s.d.m.MetricsUtils main [INFO] Using statistics reporter plugin:org.apache.storm.daemon.metrics.reporters.JmxPreparableReporter
2023-04-11 09:58:14.039 o.a.s.d.m.r.JmxPreparableReporter main [INFO] Preparing...
2023-04-11 09:58:14.060 o.a.s.m.StormMetricsRegistry main [INFO] Started statistics report plugin...
2023-04-11 09:58:14.064 o.e.j.s.Server main [INFO] jetty-9.4.14.v20181114; built: 2018-11-14T21:20:31.478Z; git: c4550056e785fb5665914545889f21dc136ad9e6; jvm 11.0.18+10-post-Ubuntu-0ubuntu122.04
2023-04-11 09:58:14.105 o.e.j.s.session main [INFO] DefaultSessionIdManager workerName=node0
2023-04-11 09:58:14.106 o.e.j.s.session main [INFO] No SessionScavenger set, using defaults
2023-04-11 09:58:14.107 o.e.j.s.session main [INFO] node0 Scavenging every 660000ms
2023-04-11 09:58:14.876 o.e.j.s.h.ContextHandler main [INFO] Started o.e.j.s.ServletContextHandler@2da3b078{/,null,AVAILABLE}
2023-04-11 09:58:14.883 o.a.s.d.u.UIServer main [ERROR] Exception in UIServer: 
java.io.IOException: Failed to bind to 0.0.0.0/0.0.0.0:8080
	at org.eclipse.jetty.server.ServerConnector.openAcceptChannel(ServerConnector.java:346) ~[jetty-server-9.4.14.v20181114.jar:9.4.14.v20181114]
	at org.eclipse.jetty.server.ServerConnector.open(ServerConnector.java:308) ~[jetty-server-9.4.14.v20181114.jar:9.4.14.v20181114]
	at org.eclipse.jetty.server.AbstractNetworkConnector.doStart(AbstractNetworkConnector.java:80) ~[jetty-server-9.4.14.v20181114.jar:9.4.14.v20181114]
	at org.eclipse.jetty.server.ServerConnector.doStart(ServerConnector.java:236) ~[jetty-server-9.4.14.v20181114.jar:9.4.14.v20181114]
	at org.eclipse.jetty.util.component.AbstractLifeCycle.start(AbstractLifeCycle.java:68) ~[jetty-util-9.4.14.v20181114.jar:9.4.14.v20181114]
	at org.eclipse.jetty.server.Server.doStart(Server.java:394) ~[jetty-server-9.4.14.v20181114.jar:9.4.14.v20181114]
	at org.eclipse.jetty.util.component.AbstractLifeCycle.start(AbstractLifeCycle.java:68) ~[jetty-util-9.4.14.v20181114.jar:9.4.14.v20181114]
	at org.apache.storm.daemon.ui.UIServer.main(UIServer.java:179) [storm-webapp-2.4.0.jar:2.4.0]
Caused by: java.net.BindException: Address already in use
	at sun.nio.ch.Net.bind0(Native Method) ~[?:?]
	at sun.nio.ch.Net.bind(Net.java:459) ~[?:?]
	at sun.nio.ch.Net.bind(Net.java:448) ~[?:?]
	at sun.nio.ch.ServerSocketChannelImpl.bind(ServerSocketChannelImpl.java:227) ~[?:?]
	at sun.nio.ch.ServerSocketAdaptor.bind(ServerSocketAdaptor.java:80) ~[?:?]
	at org.eclipse.jetty.server.ServerConnector.openAcceptChannel(ServerConnector.java:342) ~[jetty-server-9.4.14.v20181114.jar:9.4.14.v20181114]
	... 7 more
2023-04-11 09:59:13.112 o.a.s.u.Utils ShutdownHook-sleepKill-1s [INFO] Halting after 1 seconds
2023-04-11 10:05:47.127 o.a.s.v.ConfigValidation main [INFO] Will use [class org.apache.storm.DaemonConfig, class org.apache.storm.Config] for validation
2023-04-11 10:05:47.263 o.e.j.u.log main [INFO] Logging initialized @1417ms to org.eclipse.jetty.util.log.Slf4jLog
2023-04-11 10:05:47.405 o.a.s.d.m.MetricsUtils main [INFO] Using statistics reporter plugin:org.apache.storm.daemon.metrics.reporters.JmxPreparableReporter
2023-04-11 10:05:47.406 o.a.s.d.m.r.JmxPreparableReporter main [INFO] Preparing...
2023-04-11 10:05:47.415 o.a.s.m.StormMetricsRegistry main [INFO] Started statistics report plugin...
2023-04-11 10:05:47.419 o.e.j.s.Server main [INFO] jetty-9.4.14.v20181114; built: 2018-11-14T21:20:31.478Z; git: c4550056e785fb5665914545889f21dc136ad9e6; jvm 11.0.18+10-post-Ubuntu-0ubuntu122.04
2023-04-11 10:05:47.458 o.e.j.s.session main [INFO] DefaultSessionIdManager workerName=node0
2023-04-11 10:05:47.458 o.e.j.s.session main [INFO] No SessionScavenger set, using defaults
2023-04-11 10:05:47.459 o.e.j.s.session main [INFO] node0 Scavenging every 660000ms
2023-04-11 10:05:48.167 o.e.j.s.h.ContextHandler main [INFO] Started o.e.j.s.ServletContextHandler@46aa712c{/,null,AVAILABLE}
2023-04-11 10:05:48.185 o.e.j.s.AbstractConnector main [INFO] Started ServerConnector@5793b87{HTTP/1.1,[http/1.1]}{0.0.0.0:8081}
2023-04-11 10:05:48.185 o.e.j.s.Server main [INFO] Started @2341ms
2023-04-11 10:06:13.754 o.a.s.u.NimbusClient qtp181078353-26 [WARN] Ignoring exception while trying to get leader nimbus info from localhost. will retry with a different seed host.
java.lang.RuntimeException: java.lang.RuntimeException: org.apache.storm.thrift.transport.TTransportException: java.net.ConnectException: Connection refused (Connection refused)
	at org.apache.storm.security.auth.ThriftClient.reconnect(ThriftClient.java:108) ~[storm-client-2.4.0.jar:2.4.0]
	at org.apache.storm.security.auth.ThriftClient.<init>(ThriftClient.java:69) ~[storm-client-2.4.0.jar:2.4.0]
	at org.apache.storm.utils.NimbusClient.<init>(NimbusClient.java:80) ~[storm-client-2.4.0.jar:2.4.0]
	at org.apache.storm.utils.NimbusClient.getConfiguredClientAs(NimbusClient.java:221) ~[storm-client-2.4.0.jar:2.4.0]
	at org.apache.storm.utils.NimbusClient.getConfiguredClientAs(NimbusClient.java:179) ~[storm-client-2.4.0.jar:2.4.0]
	at org.apache.storm.utils.NimbusClient.getConfiguredClient(NimbusClient.java:138) ~[storm-client-2.4.0.jar:2.4.0]
	at org.apache.storm.daemon.ui.resources.StormApiResource.getClusterConfiguration(StormApiResource.java:116) ~[storm-webapp-2.4.0.jar:2.4.0]
	at jdk.internal.reflect.NativeMethodAccessorImpl.invoke0(Native Method) ~[?:?]
	at jdk.internal.reflect.NativeMethodAccessorImpl.invoke(NativeMethodAccessorImpl.java:62) ~[?:?]
	at jdk.internal.reflect.DelegatingMethodAccessorImpl.invoke(DelegatingMethodAccessorImpl.java:43) ~[?:?]
	at java.lang.reflect.Method.invoke(Method.java:566) ~[?:?]
	at org.glassfish.jersey.server.model.internal.ResourceMethodInvocationHandlerFactory.lambda$static$0(ResourceMethodInvocationHandlerFactory.java:52) ~[jersey-server-2.29.jar:?]
	at org.glassfish.jersey.server.model.internal.AbstractJavaResourceMethodDispatcher$1.run(AbstractJavaResourceMethodDispatcher.java:124) [jersey-server-2.29.jar:?]
	at org.glassfish.jersey.server.model.internal.AbstractJavaResourceMethodDispatcher.invoke(AbstractJavaResourceMethodDispatcher.java:167) [jersey-server-2.29.jar:?]
	at org.glassfish.jersey.server.model.internal.JavaResourceMethodDispatcherProvider$ResponseOutInvoker.doDispatch(JavaResourceMethodDispatcherProvider.java:176) [jersey-server-2.29.jar:?]
	at org.glassfish.jersey.server.model.internal.AbstractJavaResourceMethodDispatcher.dispatch(AbstractJavaResourceMethodDispatcher.java:79) [jersey-server-2.29.jar:?]
	at org.glassfish.jersey.server.model.ResourceMethodInvoker.invoke(ResourceMethodInvoker.java:469) [jersey-server-2.29.jar:?]
	at org.glassfish.jersey.server.model.ResourceMethodInvoker.apply(ResourceMethodInvoker.java:391) [jersey-server-2.29.jar:?]
	at org.glassfish.jersey.server.model.ResourceMethodInvoker.apply(ResourceMethodInvoker.java:80) [jersey-server-2.29.jar:?]
	at org.glassfish.jersey.server.ServerRuntime$1.run(ServerRuntime.java:253) [jersey-server-2.29.jar:?]
	at org.glassfish.jersey.internal.Errors$1.call(Errors.java:248) [jersey-common-2.29.jar:?]
	at org.glassfish.jersey.internal.Errors$1.call(Errors.java:244) [jersey-common-2.29.jar:?]
	at org.glassfish.jersey.internal.Errors.process(Errors.java:292) [jersey-common-2.29.jar:?]
	at org.glassfish.jersey.internal.Errors.process(Errors.java:274) [jersey-common-2.29.jar:?]
	at org.glassfish.jersey.internal.Errors.process(Errors.java:244) [jersey-common-2.29.jar:?]
	at org.glassfish.jersey.process.internal.RequestScope.runInScope(RequestScope.java:265) [jersey-common-2.29.jar:?]
	at org.glassfish.jersey.server.ServerRuntime.process(ServerRuntime.java:232) [jersey-server-2.29.jar:?]
	at org.glassfish.jersey.server.ApplicationHandler.handle(ApplicationHandler.java:680) [jersey-server-2.29.jar:?]
	at org.glassfish.jersey.servlet.WebComponent.serviceImpl(WebComponent.java:392) [jersey-container-servlet-core-2.29.jar:?]
	at org.glassfish.jersey.servlet.WebComponent.service(WebComponent.java:346) [jersey-container-servlet-core-2.29.jar:?]
	at org.glassfish.jersey.servlet.ServletContainer.service(ServletContainer.java:365) [jersey-container-servlet-core-2.29.jar:?]
	at org.glassfish.jersey.servlet.ServletContainer.service(ServletContainer.java:318) [jersey-container-servlet-core-2.29.jar:?]
	at org.glassfish.jersey.servlet.ServletContainer.service(ServletContainer.java:205) [jersey-container-servlet-core-2.29.jar:?]
	at org.eclipse.jetty.servlet.ServletHolder.handle(ServletHolder.java:867) [jetty-servlet-9.4.14.v20181114.jar:9.4.14.v20181114]
	at org.eclipse.jetty.servlet.ServletHandler$CachedChain.doFilter(ServletHandler.java:1623) [jetty-servlet-9.4.14.v20181114.jar:9.4.14.v20181114]
	at org.apache.storm.daemon.ui.filters.HeaderResponseServletFilter.doFilter(HeaderResponseServletFilter.java:62) [storm-webapp-2.4.0.jar:2.4.0]
	at org.eclipse.jetty.servlet.ServletHandler$CachedChain.doFilter(ServletHandler.java:1610) [jetty-servlet-9.4.14.v20181114.jar:9.4.14.v20181114]
	at org.apache.storm.daemon.drpc.webapp.ReqContextFilter.handle(ReqContextFilter.java:83) [storm-webapp-2.4.0.jar:2.4.0]
	at org.apache.storm.daemon.drpc.webapp.ReqContextFilter.doFilter(ReqContextFilter.java:70) [storm-webapp-2.4.0.jar:2.4.0]
	at org.eclipse.jetty.servlet.ServletHandler$CachedChain.doFilter(ServletHandler.java:1610) [jetty-servlet-9.4.14.v20181114.jar:9.4.14.v20181114]
	at org.apache.storm.logging.filters.AccessLoggingFilter.handle(AccessLoggingFilter.java:46) [storm-server-2.4.0.jar:2.4.0]
	at org.apache.storm.logging.filters.AccessLoggingFilter.doFilter(AccessLoggingFilter.java:38) [storm-server-2.4.0.jar:2.4.0]
	at org.eclipse.jetty.servlet.ServletHandler$CachedChain.doFilter(ServletHandler.java:1610) [jetty-servlet-9.4.14.v20181114.jar:9.4.14.v20181114]
	at org.eclipse.jetty.servlets.CrossOriginFilter.handle(CrossOriginFilter.java:311) [jetty-servlets-9.4.14.v20181114.jar:9.4.14.v20181114]
	at org.eclipse.jetty.servlets.CrossOriginFilter.doFilter(CrossOriginFilter.java:265) [jetty-servlets-9.4.14.v20181114.jar:9.4.14.v20181114]
	at org.eclipse.jetty.servlet.ServletHandler$CachedChain.doFilter(ServletHandler.java:1610) [jetty-servlet-9.4.14.v20181114.jar:9.4.14.v20181114]
	at org.eclipse.jetty.servlet.ServletHandler.doHandle(ServletHandler.java:540) [jetty-servlet-9.4.14.v20181114.jar:9.4.14.v20181114]
	at org.eclipse.jetty.server.handler.ScopedHandler.nextHandle(ScopedHandler.java:255) [jetty-server-9.4.14.v20181114.jar:9.4.14.v20181114]
	at org.eclipse.jetty.server.session.SessionHandler.doHandle(SessionHandler.java:1588) [jetty-server-9.4.14.v20181114.jar:9.4.14.v20181114]
	at org.eclipse.jetty.server.handler.ScopedHandler.nextHandle(ScopedHandler.java:255) [jetty-server-9.4.14.v20181114.jar:9.4.14.v20181114]
	at org.eclipse.jetty.server.handler.ContextHandler.doHandle(ContextHandler.java:1345) [jetty-server-9.4.14.v20181114.jar:9.4.14.v20181114]
	at org.eclipse.jetty.server.handler.ScopedHandler.nextScope(ScopedHandler.java:203) [jetty-server-9.4.14.v20181114.jar:9.4.14.v20181114]
	at org.eclipse.jetty.servlet.ServletHandler.doScope(ServletHandler.java:480) [jetty-servlet-9.4.14.v20181114.jar:9.4.14.v20181114]
	at org.eclipse.jetty.server.session.SessionHandler.doScope(SessionHandler.java:1557) [jetty-server-9.4.14.v20181114.jar:9.4.14.v20181114]
	at org.eclipse.jetty.server.handler.ScopedHandler.nextScope(ScopedHandler.java:201) [jetty-server-9.4.14.v20181114.jar:9.4.14.v20181114]
	at org.eclipse.jetty.server.handler.ContextHandler.doScope(ContextHandler.java:1247) [jetty-server-9.4.14.v20181114.jar:9.4.14.v20181114]
	at org.eclipse.jetty.server.handler.ScopedHandler.handle(ScopedHandler.java:144) [jetty-server-9.4.14.v20181114.jar:9.4.14.v20181114]
	at org.eclipse.jetty.server.handler.HandlerWrapper.handle(HandlerWrapper.java:132) [jetty-server-9.4.14.v20181114.jar:9.4.14.v20181114]
	at org.eclipse.jetty.server.Server.handle(Server.java:502) [jetty-server-9.4.14.v20181114.jar:9.4.14.v20181114]
	at org.eclipse.jetty.server.HttpChannel.handle(HttpChannel.java:364) [jetty-server-9.4.14.v20181114.jar:9.4.14.v20181114]
	at org.eclipse.jetty.server.HttpConnection.onFillable(HttpConnection.java:260) [jetty-server-9.4.14.v20181114.jar:9.4.14.v20181114]
	at org.eclipse.jetty.io.AbstractConnection$ReadCallback.succeeded(AbstractConnection.java:305) [jetty-io-9.4.14.v20181114.jar:9.4.14.v20181114]
	at org.eclipse.jetty.io.FillInterest.fillable(FillInterest.java:103) [jetty-io-9.4.14.v20181114.jar:9.4.14.v20181114]
	at org.eclipse.jetty.io.ChannelEndPoint$2.run(ChannelEndPoint.java:118) [jetty-io-9.4.14.v20181114.jar:9.4.14.v20181114]
	at org.eclipse.jetty.util.thread.strategy.EatWhatYouKill.runTask(EatWhatYouKill.java:333) [jetty-util-9.4.14.v20181114.jar:9.4.14.v20181114]
	at org.eclipse.jetty.util.thread.strategy.EatWhatYouKill.doProduce(EatWhatYouKill.java:310) [jetty-util-9.4.14.v20181114.jar:9.4.14.v20181114]
	at org.eclipse.jetty.util.thread.strategy.EatWhatYouKill.tryProduce(EatWhatYouKill.java:168) [jetty-util-9.4.14.v20181114.jar:9.4.14.v20181114]
	at org.eclipse.jetty.util.thread.strategy.EatWhatYouKill.run(EatWhatYouKill.java:126) [jetty-util-9.4.14.v20181114.jar:9.4.14.v20181114]
	at org.eclipse.jetty.util.thread.ReservedThreadExecutor$ReservedThread.run(ReservedThreadExecutor.java:366) [jetty-util-9.4.14.v20181114.jar:9.4.14.v20181114]
	at org.eclipse.jetty.util.thread.QueuedThreadPool.runJob(QueuedThreadPool.java:765) [jetty-util-9.4.14.v20181114.jar:9.4.14.v20181114]
	at org.eclipse.jetty.util.thread.QueuedThreadPool$2.run(QueuedThreadPool.java:683) [jetty-util-9.4.14.v20181114.jar:9.4.14.v20181114]
	at java.lang.Thread.run(Thread.java:829) [?:?]
Caused by: java.lang.RuntimeException: org.apache.storm.thrift.transport.TTransportException: java.net.ConnectException: Connection refused (Connection refused)
	at org.apache.storm.security.auth.TBackoffConnect.retryNext(TBackoffConnect.java:59) ~[storm-client-2.4.0.jar:2.4.0]
	at org.apache.storm.security.auth.TBackoffConnect.doConnectWithRetry(TBackoffConnect.java:51) ~[storm-client-2.4.0.jar:2.4.0]
	at org.apache.storm.security.auth.ThriftClient.reconnect(ThriftClient.java:98) ~[storm-client-2.4.0.jar:2.4.0]
	... 71 more
Caused by: org.apache.storm.thrift.transport.TTransportException: java.net.ConnectException: Connection refused (Connection refused)
	at org.apache.storm.thrift.transport.TSocket.open(TSocket.java:226) ~[storm-shaded-deps-2.4.0.jar:2.4.0]
	at org.apache.storm.thrift.transport.TFramedTransport.open(TFramedTransport.java:91) ~[storm-shaded-deps-2.4.0.jar:2.4.0]
	at org.apache.storm.security.auth.SimpleTransportPlugin.connect(SimpleTransportPlugin.java:101) ~[storm-client-2.4.0.jar:2.4.0]
	at org.apache.storm.security.auth.TBackoffConnect.doConnectWithRetry(TBackoffConnect.java:48) ~[storm-client-2.4.0.jar:2.4.0]
	at org.apache.storm.security.auth.ThriftClient.reconnect(ThriftClient.java:98) ~[storm-client-2.4.0.jar:2.4.0]
	... 71 more
Caused by: java.net.ConnectException: Connection refused (Connection refused)
	at java.net.PlainSocketImpl.socketConnect(Native Method) ~[?:?]
	at java.net.AbstractPlainSocketImpl.doConnect(AbstractPlainSocketImpl.java:412) ~[?:?]
	at java.net.AbstractPlainSocketImpl.connectToAddress(AbstractPlainSocketImpl.java:255) ~[?:?]
	at java.net.AbstractPlainSocketImpl.connect(AbstractPlainSocketImpl.java:237) ~[?:?]
	at java.net.SocksSocketImpl.connect(SocksSocketImpl.java:392) ~[?:?]
	at java.net.Socket.connect(Socket.java:609) ~[?:?]
	at org.apache.storm.thrift.transport.TSocket.open(TSocket.java:221) ~[storm-shaded-deps-2.4.0.jar:2.4.0]
	at org.apache.storm.thrift.transport.TFramedTransport.open(TFramedTransport.java:91) ~[storm-shaded-deps-2.4.0.jar:2.4.0]
	at org.apache.storm.security.auth.SimpleTransportPlugin.connect(SimpleTransportPlugin.java:101) ~[storm-client-2.4.0.jar:2.4.0]
	at org.apache.storm.security.auth.TBackoffConnect.doConnectWithRetry(TBackoffConnect.java:48) ~[storm-client-2.4.0.jar:2.4.0]
	at org.apache.storm.security.auth.ThriftClient.reconnect(ThriftClient.java:98) ~[storm-client-2.4.0.jar:2.4.0]
	... 71 more
2023-04-11 10:06:29.352 o.a.s.u.Utils ShutdownHook-sleepKill-1s [INFO] Halting after 1 seconds
2023-04-11 10:27:57.997 o.a.s.v.ConfigValidation main [INFO] Will use [class org.apache.storm.DaemonConfig, class org.apache.storm.Config] for validation
2023-04-11 10:27:58.143 o.e.j.u.log main [INFO] Logging initialized @1291ms to org.eclipse.jetty.util.log.Slf4jLog
2023-04-11 10:27:58.255 o.a.s.d.m.MetricsUtils main [INFO] Using statistics reporter plugin:org.apache.storm.daemon.metrics.reporters.JmxPreparableReporter
2023-04-11 10:27:58.256 o.a.s.d.m.r.JmxPreparableReporter main [INFO] Preparing...
2023-04-11 10:27:58.278 o.a.s.m.StormMetricsRegistry main [INFO] Started statistics report plugin...
2023-04-11 10:27:58.282 o.e.j.s.Server main [INFO] jetty-9.4.14.v20181114; built: 2018-11-14T21:20:31.478Z; git: c4550056e785fb5665914545889f21dc136ad9e6; jvm 11.0.18+10-post-Ubuntu-0ubuntu122.04
2023-04-11 10:27:58.326 o.e.j.s.session main [INFO] DefaultSessionIdManager workerName=node0
2023-04-11 10:27:58.326 o.e.j.s.session main [INFO] No SessionScavenger set, using defaults
2023-04-11 10:27:58.327 o.e.j.s.session main [INFO] node0 Scavenging every 600000ms
2023-04-11 10:27:59.048 o.e.j.s.h.ContextHandler main [INFO] Started o.e.j.s.ServletContextHandler@46aa712c{/,null,AVAILABLE}
2023-04-11 10:27:59.070 o.e.j.s.AbstractConnector main [INFO] Started ServerConnector@1ec1136{HTTP/1.1,[http/1.1]}{0.0.0.0:8081}
2023-04-11 10:27:59.070 o.e.j.s.Server main [INFO] Started @2220ms
2023-04-11 10:28:05.799 o.a.s.u.NimbusClient qtp181078353-17 [INFO] Found leader nimbus : Ubuntu.myguest.virtualbox.org:6627
2023-04-11 11:04:16.675 o.a.s.u.Utils ShutdownHook-sleepKill-1s [INFO] Halting after 1 seconds
